<?xml version="1.0" encoding="UTF-8"?>
<testsuite name="houndred.days.of.code.demo.KotlinBabyStepsApplicationTests" tests="1" skipped="0" failures="0" errors="0" timestamp="2022-09-21T04:30:13" hostname="wnunez-pro" time="0.801">
  <properties/>
  <testcase name="contextLoads()" classname="houndred.days.of.code.demo.KotlinBabyStepsApplicationTests" time="0.801"/>
  <system-out><![CDATA[23:30:10.152 [Test worker] DEBUG org.springframework.test.context.BootstrapUtils - Instantiating CacheAwareContextLoaderDelegate from class [org.springframework.test.context.cache.DefaultCacheAwareContextLoaderDelegate]
23:30:10.182 [Test worker] DEBUG org.springframework.test.context.BootstrapUtils - Instantiating BootstrapContext using constructor [public org.springframework.test.context.support.DefaultBootstrapContext(java.lang.Class,org.springframework.test.context.CacheAwareContextLoaderDelegate)]
23:30:10.269 [Test worker] DEBUG org.springframework.test.context.BootstrapUtils - Instantiating TestContextBootstrapper for test class [houndred.days.of.code.demo.KotlinBabyStepsApplicationTests] from class [org.springframework.boot.test.context.SpringBootTestContextBootstrapper]
23:30:10.302 [Test worker] INFO org.springframework.boot.test.context.SpringBootTestContextBootstrapper - Neither @ContextConfiguration nor @ContextHierarchy found for test class [houndred.days.of.code.demo.KotlinBabyStepsApplicationTests], using SpringBootContextLoader
23:30:10.311 [Test worker] DEBUG org.springframework.test.context.support.AbstractContextLoader - Did not detect default resource location for test class [houndred.days.of.code.demo.KotlinBabyStepsApplicationTests]: class path resource [houndred/days/of/code/demo/KotlinBabyStepsApplicationTests-context.xml] does not exist
23:30:10.312 [Test worker] DEBUG org.springframework.test.context.support.AbstractContextLoader - Did not detect default resource location for test class [houndred.days.of.code.demo.KotlinBabyStepsApplicationTests]: class path resource [houndred/days/of/code/demo/KotlinBabyStepsApplicationTestsContext.groovy] does not exist
23:30:10.313 [Test worker] INFO org.springframework.test.context.support.AbstractContextLoader - Could not detect default resource locations for test class [houndred.days.of.code.demo.KotlinBabyStepsApplicationTests]: no resource found for suffixes {-context.xml, Context.groovy}.
23:30:10.356 [Test worker] INFO org.springframework.test.context.support.AnnotationConfigContextLoaderUtils - Could not detect default configuration classes for test class [houndred.days.of.code.demo.KotlinBabyStepsApplicationTests]: KotlinBabyStepsApplicationTests does not declare any static, non-private, non-final, nested classes annotated with @Configuration.
23:30:10.525 [Test worker] DEBUG org.springframework.test.context.support.ActiveProfilesUtils - Could not find an 'annotation declaring class' for annotation type [org.springframework.test.context.ActiveProfiles] and class [houndred.days.of.code.demo.KotlinBabyStepsApplicationTests]
23:30:10.649 [Test worker] DEBUG org.springframework.context.annotation.ClassPathScanningCandidateComponentProvider - Identified candidate component class: file [/Users/wnunez/sites/personal/100daysofconding-kotlin/build/classes/kotlin/main/houndred/days/of/code/demo/KotlinBabyStepsApplication.class]
23:30:10.660 [Test worker] INFO org.springframework.boot.test.context.SpringBootTestContextBootstrapper - Found @SpringBootConfiguration houndred.days.of.code.demo.KotlinBabyStepsApplication for test class houndred.days.of.code.demo.KotlinBabyStepsApplicationTests
23:30:10.864 [Test worker] DEBUG org.springframework.boot.test.context.SpringBootTestContextBootstrapper - @TestExecutionListeners is not present for class [houndred.days.of.code.demo.KotlinBabyStepsApplicationTests]: using defaults.
23:30:10.865 [Test worker] INFO org.springframework.boot.test.context.SpringBootTestContextBootstrapper - Loaded default TestExecutionListener class names from location [META-INF/spring.factories]: [org.springframework.boot.test.autoconfigure.restdocs.RestDocsTestExecutionListener, org.springframework.boot.test.autoconfigure.web.client.MockRestServiceServerResetTestExecutionListener, org.springframework.boot.test.autoconfigure.web.servlet.MockMvcPrintOnlyOnFailureTestExecutionListener, org.springframework.boot.test.autoconfigure.web.servlet.WebDriverTestExecutionListener, org.springframework.boot.test.autoconfigure.webservices.client.MockWebServiceServerTestExecutionListener, org.springframework.boot.test.mock.mockito.MockitoTestExecutionListener, org.springframework.boot.test.mock.mockito.ResetMocksTestExecutionListener, org.springframework.test.context.web.ServletTestExecutionListener, org.springframework.test.context.support.DirtiesContextBeforeModesTestExecutionListener, org.springframework.test.context.event.ApplicationEventsTestExecutionListener, org.springframework.test.context.support.DependencyInjectionTestExecutionListener, org.springframework.test.context.support.DirtiesContextTestExecutionListener, org.springframework.test.context.transaction.TransactionalTestExecutionListener, org.springframework.test.context.jdbc.SqlScriptsTestExecutionListener, org.springframework.test.context.event.EventPublishingTestExecutionListener]
23:30:10.881 [Test worker] DEBUG org.springframework.boot.test.context.SpringBootTestContextBootstrapper - Skipping candidate TestExecutionListener [org.springframework.test.context.web.ServletTestExecutionListener] due to a missing dependency. Specify custom listener classes or make the default listener classes and their required dependencies available. Offending class: [javax/servlet/ServletContext]
23:30:10.884 [Test worker] DEBUG org.springframework.boot.test.context.SpringBootTestContextBootstrapper - Skipping candidate TestExecutionListener [org.springframework.test.context.transaction.TransactionalTestExecutionListener] due to a missing dependency. Specify custom listener classes or make the default listener classes and their required dependencies available. Offending class: [org/springframework/transaction/interceptor/TransactionAttributeSource]
23:30:10.885 [Test worker] DEBUG org.springframework.boot.test.context.SpringBootTestContextBootstrapper - Skipping candidate TestExecutionListener [org.springframework.test.context.jdbc.SqlScriptsTestExecutionListener] due to a missing dependency. Specify custom listener classes or make the default listener classes and their required dependencies available. Offending class: [org/springframework/transaction/interceptor/TransactionAttribute]
23:30:10.886 [Test worker] INFO org.springframework.boot.test.context.SpringBootTestContextBootstrapper - Using TestExecutionListeners: [org.springframework.test.context.support.DirtiesContextBeforeModesTestExecutionListener@26425897, org.springframework.test.context.event.ApplicationEventsTestExecutionListener@73163d48, org.springframework.boot.test.mock.mockito.MockitoTestExecutionListener@58c34bb3, org.springframework.boot.test.autoconfigure.SpringBootDependencyInjectionTestExecutionListener@56a4479a, org.springframework.test.context.support.DirtiesContextTestExecutionListener@62163b39, org.springframework.test.context.event.EventPublishingTestExecutionListener@20a8a64e, org.springframework.boot.test.autoconfigure.restdocs.RestDocsTestExecutionListener@62f4ff3b, org.springframework.boot.test.autoconfigure.web.client.MockRestServiceServerResetTestExecutionListener@1698fc68, org.springframework.boot.test.autoconfigure.web.servlet.MockMvcPrintOnlyOnFailureTestExecutionListener@4504d271, org.springframework.boot.test.autoconfigure.web.servlet.WebDriverTestExecutionListener@207b8649, org.springframework.boot.test.autoconfigure.webservices.client.MockWebServiceServerTestExecutionListener@65b3a85a, org.springframework.boot.test.mock.mockito.ResetMocksTestExecutionListener@34997338]
23:30:10.896 [Test worker] DEBUG org.springframework.test.context.support.AbstractDirtiesContextTestExecutionListener - Before test class: context [DefaultTestContext@30bcf3c1 testClass = KotlinBabyStepsApplicationTests, testInstance = [null], testMethod = [null], testException = [null], mergedContextConfiguration = [MergedContextConfiguration@2a3c96e3 testClass = KotlinBabyStepsApplicationTests, locations = '{}', classes = '{class houndred.days.of.code.demo.KotlinBabyStepsApplication}', contextInitializerClasses = '[]', activeProfiles = '{}', propertySourceLocations = '{}', propertySourceProperties = '{org.springframework.boot.test.context.SpringBootTestContextBootstrapper=true}', contextCustomizers = set[org.springframework.boot.test.autoconfigure.actuate.metrics.MetricsExportContextCustomizerFactory$DisableMetricExportContextCustomizer@3561c410, org.springframework.boot.test.autoconfigure.properties.PropertyMappingContextCustomizer@0, org.springframework.boot.test.autoconfigure.web.servlet.WebDriverContextCustomizerFactory$Customizer@63611043, org.springframework.boot.test.context.filter.ExcludeFilterContextCustomizer@6c2ed0cd, org.springframework.boot.test.json.DuplicateJsonObjectContextCustomizerFactory$DuplicateJsonObjectContextCustomizer@4241e0f4, org.springframework.boot.test.mock.mockito.MockitoContextCustomizer@0, org.springframework.boot.test.web.client.TestRestTemplateContextCustomizer@35645047, org.springframework.boot.test.context.SpringBootTestArgs@1, org.springframework.boot.test.context.SpringBootTestWebEnvironment@544fa968], contextLoader = 'org.springframework.boot.test.context.SpringBootContextLoader', parent = [null]], attributes = map[[empty]]], class annotated with @DirtiesContext [false] with mode [null].
23:30:10.938 [Test worker] DEBUG org.springframework.test.context.support.DependencyInjectionTestExecutionListener - Performing dependency injection for test context [[DefaultTestContext@30bcf3c1 testClass = KotlinBabyStepsApplicationTests, testInstance = houndred.days.of.code.demo.KotlinBabyStepsApplicationTests@4678a2eb, testMethod = [null], testException = [null], mergedContextConfiguration = [MergedContextConfiguration@2a3c96e3 testClass = KotlinBabyStepsApplicationTests, locations = '{}', classes = '{class houndred.days.of.code.demo.KotlinBabyStepsApplication}', contextInitializerClasses = '[]', activeProfiles = '{}', propertySourceLocations = '{}', propertySourceProperties = '{org.springframework.boot.test.context.SpringBootTestContextBootstrapper=true}', contextCustomizers = set[org.springframework.boot.test.autoconfigure.actuate.metrics.MetricsExportContextCustomizerFactory$DisableMetricExportContextCustomizer@3561c410, org.springframework.boot.test.autoconfigure.properties.PropertyMappingContextCustomizer@0, org.springframework.boot.test.autoconfigure.web.servlet.WebDriverContextCustomizerFactory$Customizer@63611043, org.springframework.boot.test.context.filter.ExcludeFilterContextCustomizer@6c2ed0cd, org.springframework.boot.test.json.DuplicateJsonObjectContextCustomizerFactory$DuplicateJsonObjectContextCustomizer@4241e0f4, org.springframework.boot.test.mock.mockito.MockitoContextCustomizer@0, org.springframework.boot.test.web.client.TestRestTemplateContextCustomizer@35645047, org.springframework.boot.test.context.SpringBootTestArgs@1, org.springframework.boot.test.context.SpringBootTestWebEnvironment@544fa968], contextLoader = 'org.springframework.boot.test.context.SpringBootContextLoader', parent = [null]], attributes = map['org.springframework.test.context.event.ApplicationEventsTestExecutionListener.recordApplicationEvents' -> false]]].

  .   ____          _            __ _ _
 /\\ / ___'_ __ _ _(_)_ __  __ _ \ \ \ \
( ( )\___ | '_ | '_| | '_ \/ _` | \ \ \ \
 \\/  ___)| |_)| | | | | || (_| |  ) ) ) )
  '  |____| .__|_| |_|_| |_\__, | / / / /
 =========|_|==============|___/=/_/_/_/
 :: Spring Boot ::                (v2.7.3)

2022-09-20 23:30:11.801  INFO 25446 --- [    Test worker] .d.o.c.d.KotlinBabyStepsApplicationTests : Starting KotlinBabyStepsApplicationTests using Java 17.0.2 on wnunez-pro with PID 25446 (started by wnunez in /Users/wnunez/sites/personal/100daysofconding-kotlin)
2022-09-20 23:30:11.805  INFO 25446 --- [    Test worker] .d.o.c.d.KotlinBabyStepsApplicationTests : No active profile set, falling back to 1 default profile: "default"
2022-09-20 23:30:12.920  INFO 25446 --- [    Test worker] .d.o.c.d.KotlinBabyStepsApplicationTests : Started KotlinBabyStepsApplicationTests in 1.81 seconds (JVM running for 5.033)
]]></system-out>
  <system-err><![CDATA[]]></system-err>
</testsuite>
